Arguments: 
  D:\Program Files\nodejs\node.exe C:\Users\Administrator\AppData\Roaming\npm\node_modules\yarn\bin\yarn.js add axios

PATH: 
  C:\Windows\system32;C:\Windows;C:\Windows\System32\Wbem;C:\Windows\System32\WindowsPowerShell\v1.0\;C:\Program Files\Git\cmd;C:\Program Files\Calibre2\;D:\nvm;D:\Program Files\nodejs;D:\Program Files\nodejs\node_global;C:\Python27;C:\Program Files\MySQL\MySQL Shell 8.0\bin\;node_global;C:\Users\Administrator\AppData\Local\Programs\Microsoft VS Code\bin;D:\Microsoft VS Code\bin;D:\flutter\bin;C:\Program Files\MongoDB\Server\4.2\bin;C:\Users\Administrator\AppData\Roaming\npm;D:\nvm;D:\Program Files\nodejs;C:\Program Files\MySQL\MySQL Server 8.0\bin

Yarn version: 
  1.21.1

Node version: 
  12.11.1

Platform: 
  win32 x64

Trace: 
  Error: EBUSY: resource busy or locked, unlink 'd:\桌面\QQ2006\node_modules\electron\dist\natives_blob.bin'

npm manifest: 
  {
    "name": "QQ2006",
    "version": "1.0.0",
    "description": "",
    "main": "main.js",
    "dependencies": {},
    "devDependencies": {
      "@types/electron": "^1.6.10",
      "electron": "^7.1.5"
    },
    "scripts": {
      "test": "echo \"Error: no test specified\" && exit 1",
      "start": "electron ."
    },
    "keywords": [],
    "author": "",
    "license": "ISC"
  }

yarn manifest: 
  No manifest

Lockfile: 
  No lockfile
